INFO     airflow.models.dagbag.DagBag:dagbag.py:588 Filling up the DagBag from /home/runner/work/2024-gitops-minicamp/2024-gitops-minicamp/airflow/dags
ERROR    airflow.models.dagbag.DagBag:dagbag.py:387 Failed to import: /home/runner/work/2024-gitops-minicamp/2024-gitops-minicamp/airflow/dags/dbt_simple_task_group.py
Traceback (most recent call last):
  File "/opt/hostedtoolcache/Python/3.9.21/x64/lib/python3.9/site-packages/airflow/models/dagbag.py", line 383, in parse
    loader.exec_module(new_module)
  File "<frozen importlib._bootstrap_external>", line 850, in exec_module
  File "<frozen importlib._bootstrap>", line 228, in _call_with_frames_removed
  File "/home/runner/work/2024-gitops-minicamp/2024-gitops-minicamp/airflow/dags/dbt_simple_task_group.py", line 163, in <module>
    dag = nexabrands_dbt_incremental_dag()
  File "/opt/hostedtoolcache/Python/3.9.21/x64/lib/python3.9/site-packages/airflow/models/dag.py", line 4307, in factory
    f(**f_kwargs)
  File "/home/runner/work/2024-gitops-minicamp/2024-gitops-minicamp/airflow/dags/dbt_simple_task_group.py", line 112, in nexabrands_dbt_incremental_dag
    staging_models = DbtTaskGroup(
  File "/opt/hostedtoolcache/Python/3.9.21/x64/lib/python3.9/site-packages/cosmos/airflow/task_group.py", line 28, in __init__
    DbtToAirflowConverter.__init__(self, *args, **specific_kwargs(**kwargs))
  File "/opt/hostedtoolcache/Python/3.9.21/x64/lib/python3.9/site-packages/cosmos/converter.py", line 256, in __init__
    project_config.validate_project()
  File "/opt/hostedtoolcache/Python/3.9.21/x64/lib/python3.9/site-packages/cosmos/config.py", line 263, in validate_project
    raise CosmosValueError(f"Could not find {name} at {path}")
cosmos.exceptions.CosmosValueError: Could not find manifest at /opt/airflow/dbt-docs/manifest.json
INFO     cosmos.dbt.project:project.py:33 Project /opt/airflow/dbt/nexabrands_dbt does not have {'packages.yml', 'dependencies.yml'}
INFO     airflow.models.dagbag.DagBag:dagbag.py:588 Filling up the DagBag from /home/runner/work/2024-gitops-minicamp/2024-gitops-minicamp/airflow/dags
ERROR    airflow.models.dagbag.DagBag:dagbag.py:387 Failed to import: /home/runner/work/2024-gitops-minicamp/2024-gitops-minicamp/airflow/dags/dbt_simple_task_group.py
Traceback (most recent call last):
  File "/opt/hostedtoolcache/Python/3.9.21/x64/lib/python3.9/site-packages/airflow/models/dagbag.py", line 383, in parse
    loader.exec_module(new_module)
  File "<frozen importlib._bootstrap_external>", line 850, in exec_module
  File "<frozen importlib._bootstrap>", line 228, in _call_with_frames_removed
  File "/home/runner/work/2024-gitops-minicamp/2024-gitops-minicamp/airflow/dags/dbt_simple_task_group.py", line 163, in <module>
    dag = nexabrands_dbt_incremental_dag()
  File "/opt/hostedtoolcache/Python/3.9.21/x64/lib/python3.9/site-packages/airflow/models/dag.py", line 4307, in factory
    f(**f_kwargs)
  File "/home/runner/work/2024-gitops-minicamp/2024-gitops-minicamp/airflow/dags/dbt_simple_task_group.py", line 112, in nexabrands_dbt_incremental_dag
    staging_models = DbtTaskGroup(
  File "/opt/hostedtoolcache/Python/3.9.21/x64/lib/python3.9/site-packages/cosmos/airflow/task_group.py", line 28, in __init__
    DbtToAirflowConverter.__init__(self, *args, **specific_kwargs(**kwargs))
  File "/opt/hostedtoolcache/Python/3.9.21/x64/lib/python3.9/site-packages/cosmos/converter.py", line 256, in __init__
    project_config.validate_project()
  File "/opt/hostedtoolcache/Python/3.9.21/x64/lib/python3.9/site-packages/cosmos/config.py", line 263, in validate_project
    raise CosmosValueError(f"Could not find {name} at {path}")
cosmos.exceptions.CosmosValueError: Could not find manifest at /opt/airflow/dbt-docs/manifest.json
INFO     cosmos.dbt.project:project.py:33 Project /opt/airflow/dbt/nexabrands_dbt does not have {'packages.yml', 'dependencies.yml'}